2018-04-27 18:58:12 INFO Beginning scenario create new Random cirlce with trst currency 
2018-04-27 18:58:22 INFO networkName:Rinkeby Test Network 
2018-04-27 18:58:23 INFO network:Main Ethereum Network ✓ 
2018-04-27 18:58:23 INFO network:Ropsten Test Network 
2018-04-27 18:58:23 INFO network:Kovan Test Network 
2018-04-27 18:58:23 INFO network:Rinkeby Test Network 
2018-04-27 19:00:42 INFO Ending scenario create new Random cirlce with trst currency 
2018-04-27 19:15:39 INFO Beginning scenario create new Random cirlce with trst currency 
2018-04-27 19:15:51 INFO networkName:Rinkeby Test Network 
2018-04-27 19:15:51 INFO network:Main Ethereum Network ✓ 
2018-04-27 19:15:52 INFO network:Ropsten Test Network 
2018-04-27 19:15:52 INFO network:Kovan Test Network 
2018-04-27 19:15:52 INFO network:Rinkeby Test Network 
2018-04-27 19:18:33 INFO Ending scenario create new Random cirlce with trst currency 
2018-04-27 19:42:17 INFO Beginning scenario create new Random cirlce with trst currency 
2018-04-27 19:44:11 INFO Beginning scenario create new Random cirlce with trst currency 
2018-04-27 19:44:22 INFO networkName:Rinkeby Test Network 
2018-04-27 19:44:22 INFO network:Main Ethereum Network ✓ 
2018-04-27 19:44:22 INFO network:Ropsten Test Network 
2018-04-27 19:44:22 INFO network:Kovan Test Network 
2018-04-27 19:44:22 INFO network:Rinkeby Test Network 
2018-04-27 19:45:37 INFO Ending scenario create new Random cirlce with trst currency 
2018-04-27 20:03:06 INFO Beginning scenario create new Random cirlce with trst currency 
2018-04-27 20:03:17 INFO networkName:Rinkeby Test Network 
2018-04-27 20:03:17 INFO network:Main Ethereum Network ✓ 
2018-04-27 20:03:17 INFO network:Ropsten Test Network 
2018-04-27 20:03:17 INFO network:Kovan Test Network 
2018-04-27 20:03:17 INFO network:Rinkeby Test Network 
2018-04-27 20:06:14 INFO Ending scenario create new Random cirlce with trst currency 
2018-04-27 20:10:45 INFO Beginning scenario create new Random cirlce with trst currency 
2018-04-27 20:10:56 INFO networkName:Rinkeby Test Network 
2018-04-27 20:10:56 INFO network:Main Ethereum Network ✓ 
2018-04-27 20:10:56 INFO network:Ropsten Test Network 
2018-04-27 20:10:56 INFO network:Kovan Test Network 
2018-04-27 20:10:56 INFO network:Rinkeby Test Network 
2018-04-27 20:13:57 INFO Ending scenario create new Random cirlce with trst currency 
2018-04-27 20:16:53 INFO Beginning scenario create new Random cirlce with trst currency 
2018-04-27 20:17:58 INFO Ending scenario create new Random cirlce with trst currency 
2018-04-27 20:18:13 INFO Beginning scenario create new Random cirlce with trst currency 
2018-04-27 20:18:24 INFO networkName:Rinkeby Test Network 
2018-04-27 20:18:24 INFO network:Main Ethereum Network ✓ 
2018-04-27 20:18:24 INFO network:Ropsten Test Network 
2018-04-27 20:18:24 INFO network:Kovan Test Network 
2018-04-27 20:18:24 INFO network:Rinkeby Test Network 
2018-04-27 20:21:57 INFO Beginning scenario create new Random cirlce with trst currency 
2018-04-27 20:22:09 INFO networkName:Rinkeby Test Network 
2018-04-27 20:22:09 INFO network:Main Ethereum Network ✓ 
2018-04-27 20:22:09 INFO network:Ropsten Test Network 
2018-04-27 20:22:09 INFO network:Kovan Test Network 
2018-04-27 20:22:09 INFO network:Rinkeby Test Network 
2018-04-27 20:26:53 INFO Ending scenario create new Random cirlce with trst currency 
2018-04-27 20:29:36 INFO Beginning scenario create new Random cirlce with trst currency 
2018-04-27 20:29:46 INFO networkName:Rinkeby Test Network 
2018-04-27 20:29:46 INFO network:Main Ethereum Network ✓ 
2018-04-27 20:29:46 INFO network:Ropsten Test Network 
2018-04-27 20:29:46 INFO network:Kovan Test Network 
2018-04-27 20:29:46 INFO network:Rinkeby Test Network 
2018-04-27 20:33:01 INFO Ending scenario create new Random cirlce with trst currency 
2018-04-27 20:35:18 INFO Beginning scenario create new Random cirlce with trst currency 
2018-04-27 20:35:28 INFO networkName:Rinkeby Test Network 
2018-04-27 20:35:29 INFO network:Main Ethereum Network ✓ 
2018-04-27 20:35:29 INFO network:Ropsten Test Network 
2018-04-27 20:35:29 INFO network:Kovan Test Network 
2018-04-27 20:35:29 INFO network:Rinkeby Test Network 
2018-04-27 20:37:50 INFO Ending scenario create new Random cirlce with trst currency 
2018-04-27 20:39:24 INFO Beginning scenario create new Random cirlce with trst currency 
2018-04-27 20:39:33 INFO networkName:Rinkeby Test Network 
2018-04-27 20:39:33 INFO network:Main Ethereum Network ✓ 
2018-04-27 20:39:33 INFO network:Ropsten Test Network 
2018-04-27 20:39:34 INFO network:Kovan Test Network 
2018-04-27 20:39:34 INFO network:Rinkeby Test Network 
2018-04-27 20:43:32 INFO Ending scenario create new Random cirlce with trst currency 
2018-04-29 19:06:13 INFO Beginning scenario create new Random cirlce with trst currency 
2018-04-29 19:07:28 INFO Ending scenario create new Random cirlce with trst currency 
2018-04-29 19:07:57 INFO Beginning scenario create new Random cirlce with trst currency 
2018-04-29 19:08:08 INFO network:Main Ethereum Network ✓ 
2018-04-29 19:08:08 INFO network:Ropsten Test Network 
2018-04-29 19:08:08 INFO network:Kovan Test Network 
2018-04-29 19:08:08 INFO network:Rinkeby Test Network 
2018-04-29 19:09:12 INFO Ending scenario create new Random cirlce with trst currency 
2018-04-29 19:15:13 INFO Beginning scenario create new Random cirlce with trst currency 
2018-04-29 19:15:21 INFO network:Rinkeby Test Network 
2018-04-29 19:16:48 INFO Ending scenario create new Random cirlce with trst currency 
2018-04-29 19:19:38 INFO Beginning scenario create new Random cirlce with trst currency 
2018-04-29 19:19:46 INFO network:Rinkeby Test Network 
2018-04-29 19:20:51 INFO Ending scenario create new Random cirlce with trst currency 
2018-04-29 19:23:21 INFO Beginning scenario create new Random cirlce with trst currency 
2018-04-29 19:23:34 INFO network:Rinkeby Test Network 
2018-04-29 19:27:33 INFO Ending scenario create new Random cirlce with trst currency 
2018-04-29 19:30:04 INFO Beginning scenario create new Random cirlce with trst currency 
2018-04-29 19:30:10 INFO network:Rinkeby Test Network 
2018-04-29 19:31:15 INFO Ending scenario create new Random cirlce with trst currency 
2018-04-29 19:32:07 INFO Beginning scenario create new Random cirlce with trst currency 
2018-04-29 19:32:12 INFO network:Rinkeby Test Network 
2018-04-29 19:34:36 INFO Ending scenario create new Random cirlce with trst currency 
2018-04-29 19:37:29 INFO Beginning scenario create new Random cirlce with trst currency 
2018-04-29 19:37:39 INFO network:Rinkeby Test Network 
2018-04-29 19:46:26 INFO Beginning scenario create new Random cirlce with trst currency 
2018-04-29 19:46:34 INFO network:Rinkeby Test Network 
2018-04-29 19:48:47 INFO Ending scenario create new Random cirlce with trst currency 
2018-04-29 19:54:55 INFO Beginning scenario create new Random cirlce with trst currency 
2018-04-29 19:55:03 INFO network:Rinkeby Test Network 
2018-04-29 19:55:56 INFO Beginning scenario create new Random cirlce with trst currency 
2018-04-29 19:56:05 INFO network:Rinkeby Test Network 
2018-04-29 19:57:59 INFO Ending scenario create new Random cirlce with trst currency 
2018-04-29 19:59:52 INFO Beginning scenario create new Random cirlce with trst currency 
2018-04-29 20:00:00 INFO network:Rinkeby Test Network 
2018-04-29 20:01:56 INFO Ending scenario create new Random cirlce with trst currency 
2018-04-30 10:55:15 INFO Beginning scenario create new Random cirlce with trst currency 
2018-04-30 10:55:24 INFO network:Rinkeby Test Network 
2018-04-30 10:57:20 INFO Ending scenario create new Random cirlce with trst currency 
2018-04-30 11:06:39 INFO Beginning scenario create new Random cirlce with trst currency 
2018-04-30 11:06:47 INFO network:Rinkeby Test Network 
2018-04-30 11:08:46 INFO Ending scenario create new Random cirlce with trst currency 
2018-04-30 11:10:14 INFO Beginning scenario create new Random cirlce with trst currency 
2018-04-30 11:10:21 INFO network:Rinkeby Test Network 
2018-04-30 11:12:20 INFO Ending scenario create new Random cirlce with trst currency 
2018-04-30 11:18:37 INFO Beginning scenario create new Random cirlce with trst currency 
2018-04-30 11:18:44 INFO network:Rinkeby Test Network 
2018-04-30 11:20:10 INFO Ending scenario create new Random cirlce with trst currency 
2018-04-30 11:21:40 INFO Beginning scenario create new Random cirlce with trst currency 
2018-04-30 11:21:48 INFO network:Rinkeby Test Network 
2018-04-30 11:23:48 INFO Ending scenario create new Random cirlce with trst currency 
2018-04-30 11:24:23 INFO Beginning scenario create new Random cirlce with trst currency 
2018-04-30 11:24:31 INFO network:Rinkeby Test Network 
2018-04-30 11:26:47 INFO Ending scenario create new Random cirlce with trst currency 
2018-04-30 11:47:55 INFO Beginning scenario create new Random cirlce with trst currency 
2018-04-30 11:48:03 INFO network:Rinkeby Test Network 
2018-04-30 11:50:22 INFO Ending scenario create new Random cirlce with trst currency 
2018-04-30 12:03:31 INFO Beginning scenario create new Random cirlce with trst currency 
2018-04-30 12:03:39 INFO network:Rinkeby Test Network 
2018-04-30 12:05:29 INFO Ending scenario create new Random cirlce with trst currency 
2018-04-30 12:59:23 INFO Beginning scenario create new Random cirlce with trst currency 
2018-04-30 12:59:31 INFO network:Rinkeby Test Network 
2018-04-30 13:01:22 INFO Ending scenario create new Random cirlce with trst currency 
2018-04-30 13:05:03 INFO Beginning scenario create new Random cirlce with trst currency 
2018-04-30 13:05:11 INFO network:Rinkeby Test Network 
2018-04-30 13:06:04 INFO Beginning scenario create new Random cirlce with trst currency 
2018-04-30 13:06:11 INFO network:Rinkeby Test Network 
2018-04-30 13:08:03 INFO Ending scenario create new Random cirlce with trst currency 
2018-04-30 13:22:40 INFO Beginning scenario create new Random cirlce with trst currency 
2018-04-30 13:22:50 INFO network:Rinkeby Test Network 
2018-04-30 13:24:44 INFO Ending scenario create new Random cirlce with trst currency 
2018-04-30 13:29:25 INFO Beginning scenario create new Random cirlce with trst currency 
2018-04-30 13:29:33 INFO network:Rinkeby Test Network 
2018-04-30 13:31:24 INFO Ending scenario create new Random cirlce with trst currency 
2018-04-30 14:07:38 INFO Beginning scenario create new Random cirlce with trst currency 
2018-04-30 14:07:48 INFO network:Rinkeby Test Network 
2018-04-30 14:09:44 INFO Ending scenario create new Random cirlce with trst currency 
2018-04-30 14:23:10 INFO Beginning scenario create new Random cirlce with trst currency 
2018-04-30 14:23:25 INFO network:Rinkeby Test Network 
2018-04-30 14:25:26 INFO Ending scenario create new Random cirlce with trst currency 
2018-04-30 14:26:30 INFO Beginning scenario create new Random cirlce with trst currency 
2018-04-30 14:26:39 INFO network:Rinkeby Test Network 
2018-04-30 14:28:48 INFO Ending scenario create new Random cirlce with trst currency 
2018-04-30 14:39:56 INFO Beginning scenario create new Random cirlce with trst currency 
2018-04-30 14:40:03 INFO network:Rinkeby Test Network 
2018-04-30 14:42:14 INFO Ending scenario create new Random cirlce with trst currency 
2018-04-30 14:44:47 INFO Beginning scenario create new Random cirlce with trst currency 
2018-04-30 14:44:56 INFO network:Rinkeby Test Network 
2018-04-30 14:47:01 INFO Ending scenario create new Random cirlce with trst currency 
2018-04-30 14:58:00 INFO Beginning scenario create new Random cirlce with trst currency 
2018-04-30 14:58:08 INFO network:Rinkeby Test Network 
2018-04-30 15:00:09 INFO Ending scenario create new Random cirlce with trst currency 
2018-04-30 15:06:17 INFO Beginning scenario create new Random cirlce with trst currency 
2018-04-30 15:06:26 INFO network:Rinkeby Test Network 
2018-04-30 15:08:27 INFO Ending scenario create new Random cirlce with trst currency 
2018-04-30 15:25:21 INFO Beginning scenario create new Random cirlce with trst currency 
2018-04-30 15:25:28 INFO network:Rinkeby Test Network 
2018-04-30 15:27:25 INFO Ending scenario create new Random cirlce with trst currency 
2018-04-30 15:35:21 INFO Beginning scenario create new Random cirlce with trst currency 
2018-04-30 15:35:30 INFO network:Rinkeby Test Network 
2018-04-30 15:37:31 INFO Ending scenario create new Random cirlce with trst currency 
2018-04-30 15:40:15 INFO Beginning scenario create new Random cirlce with trst currency 
2018-04-30 15:40:25 INFO network:Rinkeby Test Network 
2018-04-30 15:42:26 INFO Ending scenario create new Random cirlce with trst currency 
2018-04-30 15:45:43 INFO Beginning scenario create new Random cirlce with trst currency 
2018-04-30 15:45:55 INFO network:Rinkeby Test Network 
2018-04-30 15:48:00 INFO Ending scenario create new Random cirlce with trst currency 
2018-04-30 15:55:59 INFO Beginning scenario create new Random cirlce with trst currency 
2018-04-30 15:56:12 INFO network:Rinkeby Test Network 
2018-04-30 15:58:30 INFO Ending scenario create new Random cirlce with trst currency 
2018-04-30 16:01:28 INFO Beginning scenario create new Random cirlce with trst currency 
2018-04-30 16:01:37 INFO network:Rinkeby Test Network 
2018-04-30 16:03:39 INFO Ending scenario create new Random cirlce with trst currency 
2018-04-30 16:10:26 INFO Beginning scenario create new Random cirlce with trst currency 
2018-04-30 16:10:35 INFO network:Rinkeby Test Network 
2018-04-30 16:12:40 INFO Ending scenario create new Random cirlce with trst currency 
2018-04-30 16:25:28 INFO Beginning scenario create new Random cirlce with trst currency 
2018-04-30 16:25:37 INFO network:Rinkeby Test Network 
2018-04-30 16:28:01 INFO Ending scenario create new Random cirlce with trst currency 
2018-04-30 16:30:44 INFO Beginning scenario create new Random cirlce with trst currency 
2018-04-30 16:30:53 INFO network:Rinkeby Test Network 
2018-04-30 16:32:56 INFO Ending scenario create new Random cirlce with trst currency 
2018-04-30 16:40:06 INFO Beginning scenario create new Random cirlce with trst currency 
2018-04-30 16:40:15 INFO network:Rinkeby Test Network 
2018-04-30 16:42:27 INFO Ending scenario create new Random cirlce with trst currency 
2018-04-30 16:43:14 INFO Beginning scenario create new Random cirlce with trst currency 
2018-04-30 16:43:22 INFO network:Rinkeby Test Network 
2018-04-30 16:45:20 INFO Ending scenario create new Random cirlce with trst currency 
2018-04-30 16:46:17 INFO Beginning scenario create new Random cirlce with trst currency 
2018-04-30 16:46:24 INFO network:Rinkeby Test Network 
2018-04-30 16:48:41 INFO Ending scenario create new Random cirlce with trst currency 
2018-04-30 17:20:39 INFO Beginning scenario create new Random cirlce with trst currency 
2018-04-30 17:20:48 INFO network:Rinkeby Test Network 
2018-04-30 17:22:49 INFO Ending scenario create new Random cirlce with trst currency 
2018-04-30 17:23:31 INFO Beginning scenario create new Random cirlce with trst currency 
2018-04-30 17:23:39 INFO network:Rinkeby Test Network 
2018-04-30 17:25:42 INFO Ending scenario create new Random cirlce with trst currency 
2018-04-30 17:28:49 INFO Beginning scenario create new Random cirlce with trst currency 
2018-04-30 17:28:57 INFO network:Rinkeby Test Network 
2018-04-30 17:31:00 INFO Ending scenario create new Random cirlce with trst currency 
2018-04-30 17:37:00 INFO Beginning scenario create new Random cirlce with trst currency 
2018-04-30 17:37:08 INFO network:Rinkeby Test Network 
2018-04-30 17:38:07 INFO Ending scenario create new Random cirlce with trst currency 
2018-04-30 17:38:53 INFO Beginning scenario create new Random cirlce with trst currency 
2018-04-30 17:39:00 INFO network:Rinkeby Test Network 
2018-04-30 17:39:55 INFO Ending scenario create new Random cirlce with trst currency 
2018-04-30 17:40:37 INFO Beginning scenario create new Random cirlce with trst currency 
2018-04-30 17:40:43 INFO network:Rinkeby Test Network 
2018-04-30 17:41:42 INFO Ending scenario create new Random cirlce with trst currency 
2018-04-30 17:56:40 INFO Beginning scenario create new Random cirlce with trst currency 
2018-04-30 17:56:48 INFO network:Rinkeby Test Network 
2018-04-30 17:58:54 INFO Ending scenario create new Random cirlce with trst currency 
2018-04-30 18:37:32 INFO Beginning scenario create new Random cirlce with trst currency 
2018-04-30 18:37:40 INFO network:Rinkeby Test Network 
2018-04-30 18:39:59 INFO Ending scenario create new Random cirlce with trst currency 
2018-04-30 18:40:44 INFO Beginning scenario create new Random cirlce with trst currency 
2018-04-30 18:40:54 INFO network:Rinkeby Test Network 
2018-04-30 18:42:54 INFO Ending scenario create new Random cirlce with trst currency 
2018-04-30 18:52:17 INFO Beginning scenario create new Random cirlce with trst currency 
2018-04-30 18:52:27 INFO network:Rinkeby Test Network 
2018-04-30 18:54:45 INFO Beginning scenario create new Random cirlce with trst currency 
2018-04-30 18:54:53 INFO network:Rinkeby Test Network 
2018-04-30 18:56:58 INFO Ending scenario create new Random cirlce with trst currency 
2018-04-30 18:58:51 INFO Beginning scenario create new Random cirlce with trst currency 
2018-04-30 18:59:01 INFO network:Rinkeby Test Network 
2018-04-30 19:00:07 INFO Ending scenario create new Random cirlce with trst currency 
2018-04-30 19:02:16 INFO Beginning scenario create new Random cirlce with trst currency 
2018-04-30 19:02:27 INFO network:Rinkeby Test Network 
2018-04-30 19:03:24 INFO Ending scenario create new Random cirlce with trst currency 
2018-04-30 19:04:50 INFO Beginning scenario create new Random cirlce with trst currency 
2018-04-30 19:05:05 INFO network:Rinkeby Test Network 
2018-04-30 19:06:05 INFO Ending scenario create new Random cirlce with trst currency 
2018-04-30 19:14:45 INFO Beginning scenario create new Random cirlce with trst currency 
2018-04-30 19:14:58 INFO network:Rinkeby Test Network 
2018-04-30 19:17:21 INFO Ending scenario create new Random cirlce with trst currency 
2018-04-30 19:17:48 INFO Beginning scenario create new Random cirlce with trst currency 
2018-04-30 19:17:57 INFO network:Rinkeby Test Network 
2018-04-30 19:19:02 INFO Ending scenario create new Random cirlce with trst currency 
2018-05-01 18:50:30 INFO Beginning scenario create new Random cirlce with trst currency 
2018-05-01 18:50:40 INFO network:Rinkeby Test Network 
2018-05-01 18:51:41 INFO Ending scenario create new Random cirlce with trst currency 
2018-05-01 18:54:50 INFO Beginning scenario create new Random cirlce with trst currency 
2018-05-01 18:55:03 INFO network:Rinkeby Test Network 
2018-05-01 18:56:05 INFO Ending scenario create new Random cirlce with trst currency 
2018-05-01 19:01:31 INFO Beginning scenario create new Random cirlce with trst currency 
2018-05-01 19:01:41 INFO network:Rinkeby Test Network 
2018-05-01 19:02:57 INFO Ending scenario create new Random cirlce with trst currency 
2018-05-01 19:04:21 INFO Beginning scenario create new Random cirlce with trst currency 
2018-05-01 19:04:32 INFO network:Rinkeby Test Network 
2018-05-01 19:05:47 INFO Ending scenario create new Random cirlce with trst currency 
2018-05-01 19:10:30 INFO Beginning scenario create new Random cirlce with trst currency 
2018-05-01 19:10:41 INFO network:Rinkeby Test Network 
2018-05-01 19:12:43 INFO Ending scenario create new Random cirlce with trst currency 
2018-05-01 19:23:29 INFO Beginning scenario create new Random cirlce with trst currency 
2018-05-01 19:23:41 INFO network:Rinkeby Test Network 
2018-05-01 19:25:44 INFO Ending scenario create new Random cirlce with trst currency 
2018-05-01 19:31:42 INFO Beginning scenario create new Random cirlce with trst currency 
2018-05-01 19:31:51 INFO network:Rinkeby Test Network 
2018-05-01 19:33:57 INFO Ending scenario create new Random cirlce with trst currency 
2018-05-01 19:35:55 INFO Beginning scenario create new Random cirlce with trst currency 
2018-05-01 19:36:04 INFO network:Rinkeby Test Network 
2018-05-01 19:38:07 INFO Ending scenario create new Random cirlce with trst currency 
2018-05-01 20:02:19 INFO Beginning scenario create new Random cirlce with trst currency 
2018-05-01 20:02:28 INFO network:Rinkeby Test Network 
2018-05-01 20:05:29 INFO Ending scenario create new Random cirlce with trst currency 
2018-05-01 20:08:12 INFO Beginning scenario create new Random cirlce with trst currency 
2018-05-01 20:08:22 INFO network:Rinkeby Test Network 
2018-05-01 20:10:22 INFO Ending scenario create new Random cirlce with trst currency 
2018-05-01 20:11:46 INFO Beginning scenario create new Random cirlce with trst currency 
2018-05-01 20:11:53 INFO network:Rinkeby Test Network 
2018-05-01 20:14:54 INFO Ending scenario create new Random cirlce with trst currency 
2018-05-02 15:39:47 INFO Beginning scenario create new Random cirlce with trst currency 
2018-05-02 15:39:55 INFO network:Rinkeby Test Network 
2018-05-02 15:43:39 INFO Ending scenario create new Random cirlce with trst currency 
2018-05-02 15:48:29 INFO Beginning scenario create new Random cirlce with trst currency 
2018-05-02 15:48:37 INFO network:Rinkeby Test Network 
2018-05-02 15:51:37 INFO Ending scenario create new Random cirlce with trst currency 
2018-05-02 19:01:51 INFO Beginning scenario create new Random cirlce with trst currency 
2018-05-02 19:02:01 INFO network:Rinkeby Test Network 
2018-05-02 19:04:07 INFO Ending scenario create new Random cirlce with trst currency 
2018-05-02 19:13:52 INFO Beginning scenario create new Random cirlce with trst currency 
2018-05-02 19:14:01 INFO network:Rinkeby Test Network 
2018-05-02 19:19:27 INFO Ending scenario create new Random cirlce with trst currency 
2018-05-03 11:09:24 INFO Beginning scenario create new Random cirlce with trst currency 
2018-05-03 11:09:31 INFO network:Rinkeby Test Network 
2018-05-03 11:13:20 INFO Ending scenario create new Random cirlce with trst currency 
2018-05-03 11:23:21 INFO Beginning scenario create new Random cirlce with trst currency 
2018-05-03 11:23:29 INFO network:Rinkeby Test Network 
2018-05-03 11:27:27 INFO Ending scenario create new Random cirlce with trst currency 
2018-05-03 11:44:40 INFO Beginning scenario create new Random cirlce with trst currency 
2018-05-03 11:44:48 INFO network:Rinkeby Test Network 
2018-05-03 11:49:45 INFO Ending scenario create new Random cirlce with trst currency 
2018-05-03 13:01:00 INFO Beginning scenario create new Random cirlce with trst currency 
2018-05-03 13:01:08 INFO network:Rinkeby Test Network 
2018-05-03 13:04:59 INFO Ending scenario create new Random cirlce with trst currency 
2018-05-03 13:28:04 INFO Beginning scenario create new Random cirlce with trst currency 
2018-05-03 13:28:12 INFO network:Rinkeby Test Network 
2018-05-03 13:32:04 INFO Ending scenario create new Random cirlce with trst currency 
2018-05-03 13:40:01 INFO Beginning scenario create new Random cirlce with trst currency 
2018-05-03 13:40:09 INFO network:Rinkeby Test Network 
2018-05-03 13:41:25 INFO Ending scenario create new Random cirlce with trst currency 
2018-05-03 13:43:34 INFO Beginning scenario create new Random cirlce with trst currency 
2018-05-03 13:43:41 INFO network:Rinkeby Test Network 
2018-05-03 13:47:42 INFO Ending scenario create new Random cirlce with trst currency 
2018-05-03 14:36:45 INFO Beginning scenario create new Random cirlce with trst currency 
2018-05-03 14:36:52 INFO network:Rinkeby Test Network 
2018-05-03 14:41:04 INFO Ending scenario create new Random cirlce with trst currency 
2018-05-03 14:55:48 INFO Beginning scenario create new Random cirlce with trst currency 
2018-05-03 14:55:56 INFO network:Rinkeby Test Network 
2018-05-03 15:00:30 INFO Ending scenario create new Random cirlce with trst currency 
2018-05-03 15:01:51 INFO Beginning scenario create new Random cirlce with trst currency 
2018-05-03 15:01:58 INFO network:Rinkeby Test Network 
2018-05-03 15:07:38 INFO Ending scenario create new Random cirlce with trst currency 
2018-05-03 15:09:37 INFO Beginning scenario create new Random cirlce with trst currency 
2018-05-03 15:09:44 INFO network:Rinkeby Test Network 
2018-05-03 15:12:28 INFO Beginning scenario create new Random cirlce with trst currency 
2018-05-03 15:12:36 INFO network:Rinkeby Test Network 
2018-05-03 15:17:25 INFO Ending scenario create new Random cirlce with trst currency 
2018-05-03 15:21:18 INFO Beginning scenario create new Random cirlce with trst currency 
2018-05-03 15:21:25 INFO network:Rinkeby Test Network 
2018-05-03 15:26:09 INFO Ending scenario create new Random cirlce with trst currency 
2018-05-03 15:32:18 INFO Beginning scenario create new Random cirlce with trst currency 
2018-05-03 15:32:25 INFO network:Rinkeby Test Network 
2018-05-03 15:36:59 INFO Ending scenario create new Random cirlce with trst currency 
2018-05-03 15:42:41 INFO Beginning scenario create new Random cirlce with trst currency 
2018-05-03 15:42:48 INFO network:Rinkeby Test Network 
2018-05-03 15:48:23 INFO Ending scenario create new Random cirlce with trst currency 
2018-05-03 16:16:19 INFO Beginning scenario create new Random cirlce with etherium currency 
2018-05-03 16:16:27 INFO network:Rinkeby Test Network 
2018-05-03 16:22:10 INFO Ending scenario create new Random cirlce with etherium currency 
2018-05-03 16:28:40 INFO Beginning scenario create new Random cirlce with trst currency 
2018-05-03 16:28:47 INFO network:Rinkeby Test Network 
2018-05-03 16:34:50 INFO Ending scenario create new Random cirlce with trst currency 
2018-05-03 16:55:53 INFO Beginning scenario create new Random cirlce with trst currency 
2018-05-03 16:56:05 INFO network:Rinkeby Test Network 
2018-05-03 16:59:16 INFO Ending scenario create new Random cirlce with trst currency 
2018-05-03 17:00:40 INFO Beginning scenario create new Random cirlce with trst currency 
2018-05-03 17:00:53 INFO network:Rinkeby Test Network 
2018-05-03 17:06:39 INFO Beginning scenario create new Random cirlce with trst currency 
2018-05-03 17:06:50 INFO network:Rinkeby Test Network 
2018-05-03 17:08:05 INFO Ending scenario create new Random cirlce with trst currency 
2018-05-03 17:22:52 INFO Beginning scenario create new Random cirlce with trst currency 
2018-05-03 17:23:00 INFO network:Rinkeby Test Network 
2018-05-03 17:25:19 INFO Ending scenario create new Random cirlce with trst currency 
2018-05-04 15:09:04 INFO Beginning scenario create new Random cirlce with etherium currency 
2018-05-04 15:09:17 INFO network:Rinkeby Test Network 
2018-05-04 15:15:05 INFO Ending scenario create new Random cirlce with etherium currency 
2018-05-04 16:26:53 INFO Beginning scenario create new Random cirlce with trst currency 
2018-05-04 16:27:08 INFO Beginning scenario create new Random cirlce with etherium currency 
2018-05-04 16:27:16 INFO network:Rinkeby Test Network 
2018-05-04 16:32:59 INFO Ending scenario create new Random cirlce with etherium currency 
2018-05-04 16:44:49 INFO Beginning scenario create new Random cirlce with trst currency 
2018-05-04 16:44:57 INFO network:Rinkeby Test Network 
2018-05-04 16:50:52 INFO Ending scenario create new Random cirlce with trst currency 
2018-05-04 19:52:38 INFO Beginning scenario create new Random cirlce with trst currency 
2018-05-04 19:52:57 INFO network:Rinkeby Test Network 
2018-05-04 19:55:44 INFO Ending scenario create new Random cirlce with trst currency 
2018-05-04 19:58:39 INFO Beginning scenario create new Random cirlce with trst currency 
2018-05-04 19:58:50 INFO network:Rinkeby Test Network 
2018-05-04 20:01:35 INFO Ending scenario create new Random cirlce with trst currency 
2018-05-04 20:04:23 INFO Beginning scenario create new Random cirlce with trst currency 
2018-05-04 20:04:32 INFO network:Rinkeby Test Network 
2018-05-04 20:07:15 INFO Ending scenario create new Random cirlce with trst currency 
2018-05-04 20:15:45 INFO Beginning scenario create new Random cirlce with trst currency 
2018-05-04 20:15:56 INFO network:Rinkeby Test Network 
2018-05-04 20:19:40 INFO Ending scenario create new Random cirlce with trst currency 
2018-05-04 20:35:37 INFO Beginning scenario create new Random cirlce with trst currency 
2018-05-04 20:35:48 INFO network:Rinkeby Test Network 
2018-05-04 20:53:00 INFO Beginning scenario create new Random cirlce with trst currency 
2018-05-04 20:53:08 INFO network:Rinkeby Test Network 
2018-05-04 20:58:29 INFO Beginning scenario create new Random cirlce with trst currency 
2018-05-04 20:58:38 INFO network:Rinkeby Test Network 
2018-05-04 21:09:05 INFO Beginning scenario create new Random cirlce with trst currency 
2018-05-04 21:09:13 INFO network:Rinkeby Test Network 
2018-05-04 21:16:52 INFO Beginning scenario create new Random cirlce with trst currency 
2018-05-04 21:17:00 INFO network:Rinkeby Test Network 
2018-05-04 21:19:42 INFO Ending scenario create new Random cirlce with trst currency 
2018-05-05 17:57:34 INFO Beginning scenario create new Random cirlce with trst currency 
2018-05-05 17:57:43 INFO network:Rinkeby Test Network 
2018-05-05 17:59:32 INFO Ending scenario create new Random cirlce with trst currency 
2018-05-05 18:05:27 INFO Beginning scenario create new Random cirlce with trst currency 
2018-05-05 18:05:36 INFO network:Rinkeby Test Network 
2018-05-05 18:09:53 INFO Ending scenario create new Random cirlce with trst currency 
2018-05-06 19:05:19 INFO Beginning scenario create new Random cirlce with trst currency 
2018-05-06 19:05:28 INFO network:Rinkeby Test Network 
2018-05-06 19:09:18 INFO Ending scenario create new Random cirlce with trst currency 
2018-05-06 19:14:44 INFO Beginning scenario create new Random cirlce with trst currency 
2018-05-06 19:14:53 INFO network:Rinkeby Test Network 
2018-05-06 19:17:40 INFO Ending scenario create new Random cirlce with trst currency 
2018-05-06 19:18:57 INFO Beginning scenario create new Random cirlce with trst currency 
2018-05-06 19:19:10 INFO network:Rinkeby Test Network 
2018-05-06 19:23:14 INFO Ending scenario create new Random cirlce with trst currency 
2018-05-06 19:26:38 INFO Beginning scenario create new Random cirlce with trst currency 
2018-05-06 19:26:52 INFO network:Rinkeby Test Network 
2018-05-06 19:32:32 INFO Ending scenario create new Random cirlce with trst currency 
2018-05-07 16:30:10 INFO Beginning scenario create new Random cirlce with trst currency 
2018-05-07 16:30:17 INFO network:Rinkeby Test Network 
2018-05-07 16:35:30 INFO Ending scenario create new Random cirlce with trst currency 
2018-05-07 17:36:45 INFO Beginning scenario create new Random cirlce with trst currency 
2018-05-07 17:36:53 INFO network:Rinkeby Test Network 
2018-05-07 17:50:03 INFO Beginning scenario create new Random cirlce with trst currency 
2018-05-07 17:50:10 INFO network:Rinkeby Test Network 
2018-05-07 17:55:09 INFO Ending scenario create new Random cirlce with trst currency 
2018-05-07 18:08:38 INFO Beginning scenario create new Random cirlce with trst currency 
2018-05-07 18:08:46 INFO network:Rinkeby Test Network 
2018-05-07 18:13:45 INFO Ending scenario create new Random cirlce with trst currency 
2018-05-08 12:35:44 INFO Beginning scenario create new Random cirlce with trst currency 
2018-05-08 12:35:52 INFO network:Rinkeby Test Network 
2018-05-08 12:41:54 INFO Ending scenario create new Random cirlce with trst currency 
2018-05-08 14:18:39 INFO Beginning scenario create new Random cirlce with trst currency 
2018-05-08 14:18:47 INFO network:Rinkeby Test Network 
2018-05-08 14:21:48 INFO Ending scenario create new Random cirlce with trst currency 
2018-05-08 14:26:02 INFO Beginning scenario create new Random cirlce with trst currency 
2018-05-08 14:26:09 INFO network:Rinkeby Test Network 
2018-05-08 14:29:18 INFO Ending scenario create new Random cirlce with trst currency 
2018-05-08 18:41:16 INFO Beginning scenario create new Random cirlce with trst currency 
2018-05-08 18:42:02 INFO Beginning scenario create new Random cirlce with trst currency 
2018-05-08 18:42:12 INFO network:Rinkeby Test Network 
2018-05-08 18:45:15 INFO Ending scenario create new Random cirlce with trst currency 
2018-05-08 18:50:37 INFO Beginning scenario create new Random cirlce with trst currency 
2018-05-08 18:50:47 INFO network:Rinkeby Test Network 
2018-05-08 19:00:07 INFO Ending scenario create new Random cirlce with trst currency 
2018-05-08 19:15:36 INFO Beginning scenario create new Random cirlce with trst currency 
2018-05-08 19:15:52 INFO network:Rinkeby Test Network 
2018-05-08 19:34:01 INFO Ending scenario create new Random cirlce with trst currency 
2018-05-09 14:00:33 INFO Beginning scenario create new Random cirlce with trst currency 
2018-05-09 14:00:42 INFO network:Rinkeby Test Network 
2018-05-09 14:35:16 INFO Beginning scenario create new Random cirlce with trst currency 
2018-05-09 14:35:25 INFO network:Rinkeby Test Network 
2018-05-09 14:43:06 INFO Beginning scenario create new Random cirlce with trst currency 
2018-05-09 14:43:14 INFO network:Rinkeby Test Network 
2018-05-09 14:54:44 INFO Beginning scenario create new Random cirlce with trst currency 
2018-05-09 14:54:52 INFO network:Rinkeby Test Network 
2018-05-09 14:56:39 INFO Beginning scenario create new Random cirlce with trst currency 
2018-05-09 14:56:46 INFO network:Rinkeby Test Network 
2018-05-09 15:12:28 INFO Beginning scenario create new Random cirlce with trst currency 
2018-05-09 15:12:37 INFO network:Rinkeby Test Network 
2018-05-09 15:15:49 INFO Beginning scenario create new Random cirlce with trst currency 
2018-05-09 15:15:56 INFO network:Rinkeby Test Network 
2018-05-09 15:18:15 INFO Beginning scenario create new Random cirlce with trst currency 
2018-05-09 15:18:23 INFO network:Rinkeby Test Network 
2018-05-09 15:23:49 INFO Beginning scenario create new Random cirlce with trst currency 
2018-05-09 15:23:58 INFO network:Rinkeby Test Network 
2018-05-09 15:24:13 INFO Ending scenario create new Random cirlce with trst currency 
2018-05-09 15:24:46 INFO Beginning scenario create new Random cirlce with trst currency 
2018-05-09 15:24:54 INFO network:Rinkeby Test Network 
2018-05-09 15:26:14 INFO Beginning scenario create new Random cirlce with trst currency 
2018-05-09 15:26:22 INFO network:Rinkeby Test Network 
2018-05-09 16:29:22 INFO Beginning scenario create new Random cirlce with trst currency 
2018-05-09 16:29:30 INFO network:Rinkeby Test Network 
2018-05-09 16:30:01 INFO Ending scenario create new Random cirlce with trst currency 
2018-05-09 17:30:17 INFO Beginning scenario create new Random cirlce with trst currency 
2018-05-09 17:30:25 INFO network:Rinkeby Test Network 
2018-05-09 17:30:56 INFO Ending scenario create new Random cirlce with trst currency 
2018-05-09 17:32:26 INFO Beginning scenario create new Random cirlce with trst currency 
2018-05-09 17:32:33 INFO network:Rinkeby Test Network 
2018-05-09 17:33:03 INFO Ending scenario create new Random cirlce with trst currency 
2018-05-09 17:34:35 INFO Beginning scenario create new Random cirlce with trst currency 
2018-05-09 17:34:42 INFO network:Rinkeby Test Network 
2018-05-09 17:37:40 INFO Beginning scenario create new Random cirlce with trst currency 
2018-05-09 17:37:47 INFO network:Rinkeby Test Network 
2018-05-09 17:39:19 INFO Beginning scenario create new Random cirlce with trst currency 
2018-05-09 17:39:27 INFO network:Rinkeby Test Network 
2018-05-09 17:43:14 INFO Beginning scenario create new Random cirlce with trst currency 
2018-05-09 17:43:21 INFO network:Rinkeby Test Network 
2018-05-09 17:44:42 INFO Beginning scenario create new Random cirlce with trst currency 
2018-05-09 17:44:50 INFO network:Rinkeby Test Network 
2018-05-09 17:46:51 INFO Beginning scenario create new Random cirlce with trst currency 
2018-05-09 17:46:59 INFO network:Rinkeby Test Network 
2018-05-10 09:18:06 INFO Beginning scenario create new Random cirlce with trst currency 
2018-05-10 09:18:14 INFO network:Rinkeby Test Network 
2018-05-10 09:18:45 INFO Ending scenario create new Random cirlce with trst currency 
2018-05-10 09:20:56 INFO Beginning scenario create new Random cirlce with trst currency 
2018-05-10 09:21:04 INFO network:Rinkeby Test Network 
2018-05-10 09:21:33 INFO Ending scenario create new Random cirlce with trst currency 
2018-05-10 09:22:49 INFO Beginning scenario create new Random cirlce with trst currency 
2018-05-10 09:22:56 INFO network:Rinkeby Test Network 
2018-05-10 09:23:28 INFO Ending scenario create new Random cirlce with trst currency 
2018-05-10 09:24:44 INFO Beginning scenario create new Random cirlce with trst currency 
2018-05-10 09:24:52 INFO network:Rinkeby Test Network 
2018-05-10 09:25:27 INFO Ending scenario create new Random cirlce with trst currency 
2018-05-10 09:27:20 INFO Beginning scenario create new Random cirlce with trst currency 
2018-05-10 09:27:28 INFO network:Rinkeby Test Network 
2018-05-10 09:28:00 INFO Ending scenario create new Random cirlce with trst currency 
2018-05-10 09:48:46 INFO Beginning scenario create new Random cirlce with trst currency 
2018-05-10 09:48:54 INFO network:Rinkeby Test Network 
2018-05-10 09:49:27 INFO Ending scenario create new Random cirlce with trst currency 
2018-05-10 10:24:59 INFO Beginning scenario create new Random cirlce with trst currency 
2018-05-10 10:25:07 INFO network:Rinkeby Test Network 
2018-05-10 10:25:40 INFO Ending scenario create new Random cirlce with trst currency 
2018-05-10 10:27:13 INFO Beginning scenario create new Random cirlce with trst currency 
2018-05-10 10:27:21 INFO network:Rinkeby Test Network 
2018-05-10 10:27:50 INFO Ending scenario create new Random cirlce with trst currency 
2018-05-10 10:29:49 INFO Beginning scenario create new Random cirlce with trst currency 
2018-05-10 10:29:58 INFO network:Rinkeby Test Network 
2018-05-10 10:41:49 INFO Beginning scenario create new Random cirlce with trst currency 
2018-05-10 10:41:57 INFO network:Rinkeby Test Network 
2018-05-10 10:42:30 INFO Ending scenario create new Random cirlce with trst currency 
2018-05-10 10:43:39 INFO Beginning scenario create new Random cirlce with trst currency 
2018-05-10 10:43:46 INFO network:Rinkeby Test Network 
2018-05-10 10:46:38 INFO Beginning scenario create new Random cirlce with trst currency 
2018-05-10 10:46:45 INFO network:Rinkeby Test Network 
2018-05-10 11:02:49 INFO Beginning scenario create new Random cirlce with trst currency 
2018-05-10 11:02:56 INFO network:Rinkeby Test Network 
2018-05-10 11:03:26 INFO Ending scenario create new Random cirlce with trst currency 
2018-05-10 18:45:43 INFO Beginning scenario create new Random cirlce with trst currency 
2018-05-10 18:45:51 INFO network:Rinkeby Test Network 
2018-05-10 18:47:26 INFO Beginning scenario create new Random cirlce with trst currency 
2018-05-10 18:47:35 INFO network:Rinkeby Test Network 
2018-05-10 18:50:03 INFO Beginning scenario create new Random cirlce with trst currency 
2018-05-10 18:50:12 INFO network:Rinkeby Test Network 
2018-05-10 18:50:46 INFO Ending scenario create new Random cirlce with trst currency 
2018-05-10 18:51:48 INFO Beginning scenario create new Random cirlce with trst currency 
2018-05-10 18:51:58 INFO network:Rinkeby Test Network 
2018-05-10 18:52:30 INFO Ending scenario create new Random cirlce with trst currency 
2018-05-10 18:54:26 INFO Beginning scenario create new Random cirlce with trst currency 
2018-05-10 18:54:36 INFO network:Rinkeby Test Network 
2018-05-10 18:55:07 INFO Ending scenario create new Random cirlce with trst currency 
2018-05-10 18:57:19 INFO Beginning scenario create new Random cirlce with trst currency 
2018-05-10 18:57:28 INFO network:Rinkeby Test Network 
2018-05-10 19:16:35 INFO Beginning scenario create new Random cirlce with trst currency 
2018-05-10 19:16:45 INFO network:Rinkeby Test Network 
2018-05-10 19:19:13 INFO Ending scenario create new Random cirlce with trst currency 
2018-05-10 19:20:26 INFO Beginning scenario create new Random cirlce with trst currency 
2018-05-10 19:21:32 INFO Beginning scenario create new Random cirlce with trst currency 
2018-05-10 19:21:41 INFO network:Rinkeby Test Network 
2018-05-10 19:24:09 INFO Ending scenario create new Random cirlce with trst currency 
2018-05-10 19:34:23 INFO Beginning scenario create new Random cirlce with trst currency 
2018-05-10 19:34:32 INFO network:Rinkeby Test Network 
2018-05-10 19:35:27 INFO Ending scenario create new Random cirlce with trst currency 
2018-05-10 19:39:41 INFO Beginning scenario create new Random cirlce with trst currency 
2018-05-10 19:39:50 INFO network:Rinkeby Test Network 
2018-05-10 19:42:36 INFO Ending scenario create new Random cirlce with trst currency 
2018-05-11 10:39:38 INFO Beginning scenario create new Random cirlce with trst currency 
2018-05-11 10:39:46 INFO network:Rinkeby Test Network 
2018-05-14 10:44:32 INFO Beginning scenario create new Random cirlce with trst currency 
2018-05-14 10:44:40 INFO network:Rinkeby Test Network 
2018-05-14 10:45:56 INFO Ending scenario create new Random cirlce with trst currency 
2018-05-14 10:46:14 INFO Beginning scenario create new Random cirlce with trst currency 
2018-05-14 10:46:21 INFO network:Rinkeby Test Network 
2018-05-14 10:47:16 INFO Ending scenario create new Random cirlce with trst currency 
2018-05-14 10:55:08 INFO Beginning scenario create new Random cirlce with trst currency 
2018-05-14 10:55:17 INFO network:Rinkeby Test Network 
2018-05-14 10:57:10 INFO Ending scenario create new Random cirlce with trst currency 
2018-05-14 10:59:30 INFO Beginning scenario create new Random cirlce with trst currency 
2018-05-14 10:59:38 INFO network:Rinkeby Test Network 
2018-05-14 11:01:32 INFO Ending scenario create new Random cirlce with trst currency 
2018-05-14 11:05:23 INFO Beginning scenario create new Random cirlce with trst currency 
2018-05-14 11:05:31 INFO network:Rinkeby Test Network 
2018-05-14 11:07:27 INFO Ending scenario create new Random cirlce with trst currency 
2018-05-14 11:09:32 INFO Beginning scenario create new Random cirlce with trst currency 
2018-05-14 11:09:40 INFO network:Rinkeby Test Network 
2018-05-14 11:11:40 INFO Ending scenario create new Random cirlce with trst currency 
2018-05-14 11:18:55 INFO Beginning scenario create new Random cirlce with trst currency 
2018-05-14 11:19:02 INFO network:Rinkeby Test Network 
2018-05-14 12:12:11 INFO Beginning scenario create new Random cirlce with trst currency 
2018-05-14 12:12:20 INFO network:Rinkeby Test Network 
2018-05-14 12:14:14 INFO Ending scenario create new Random cirlce with trst currency 
2018-05-14 12:14:58 INFO Beginning scenario create new Random cirlce with trst currency 
2018-05-14 12:15:07 INFO network:Rinkeby Test Network 
2018-05-14 12:17:04 INFO Ending scenario create new Random cirlce with trst currency 
2018-05-14 12:20:47 INFO Beginning scenario create new Random cirlce with trst currency 
2018-05-14 12:20:56 INFO network:Rinkeby Test Network 
2018-05-14 12:23:03 INFO Ending scenario create new Random cirlce with trst currency 
2018-05-14 12:32:19 INFO Beginning scenario create new Random cirlce with trst currency 
2018-05-14 12:32:28 INFO network:Rinkeby Test Network 
2018-05-14 12:34:07 INFO Ending scenario create new Random cirlce with trst currency 
2018-05-14 12:49:31 INFO Beginning scenario create new Random cirlce with trst currency 
2018-05-14 12:49:40 INFO network:Rinkeby Test Network 
2018-05-14 12:51:40 INFO Ending scenario create new Random cirlce with trst currency 
2018-05-14 13:31:26 INFO Beginning scenario create new Random cirlce with trst currency 
2018-05-14 13:31:35 INFO network:Rinkeby Test Network 
2018-05-14 13:45:51 INFO Beginning scenario create new Random cirlce with trst currency 
2018-05-14 13:45:59 INFO network:Rinkeby Test Network 
2018-05-14 13:47:41 INFO Ending scenario create new Random cirlce with trst currency 
2018-05-14 13:51:58 INFO Beginning scenario create new Random cirlce with trst currency 
2018-05-14 13:52:06 INFO network:Rinkeby Test Network 
2018-05-14 13:54:09 INFO Ending scenario create new Random cirlce with trst currency 
2018-05-14 14:04:58 INFO Beginning scenario create new Random cirlce with trst currency 
2018-05-14 14:05:06 INFO network:Rinkeby Test Network 
2018-05-14 14:07:31 INFO Ending scenario create new Random cirlce with trst currency 
2018-05-14 14:08:39 INFO Beginning scenario create new Random cirlce with trst currency 
2018-05-14 14:08:47 INFO network:Rinkeby Test Network 
2018-05-14 14:10:33 INFO Ending scenario create new Random cirlce with trst currency 
2018-05-14 14:22:13 INFO Beginning scenario create new Random cirlce with trst currency 
2018-05-14 14:22:21 INFO network:Rinkeby Test Network 
2018-05-14 14:24:28 INFO Ending scenario create new Random cirlce with trst currency 
2018-05-14 14:34:34 INFO Beginning scenario create new Random cirlce with trst currency 
2018-05-14 14:34:41 INFO network:Rinkeby Test Network 
2018-05-14 14:37:29 INFO Ending scenario create new Random cirlce with trst currency 
2018-05-14 14:38:09 INFO Beginning scenario create new Random cirlce with trst currency 
2018-05-14 14:38:17 INFO network:Rinkeby Test Network 
2018-05-14 14:40:25 INFO Ending scenario create new Random cirlce with trst currency 
2018-05-14 14:44:03 INFO Beginning scenario create new Random cirlce with trst currency 
2018-05-14 14:44:12 INFO network:Rinkeby Test Network 
2018-05-14 14:46:19 INFO Ending scenario create new Random cirlce with trst currency 
2018-05-14 14:47:31 INFO Beginning scenario create new Random cirlce with trst currency 
2018-05-14 14:47:40 INFO network:Rinkeby Test Network 
2018-05-14 14:49:36 INFO Ending scenario create new Random cirlce with trst currency 
2018-05-14 15:01:59 INFO Beginning scenario create new Random cirlce with trst currency 
2018-05-14 15:02:07 INFO network:Rinkeby Test Network 
2018-05-14 15:04:23 INFO Ending scenario create new Random cirlce with trst currency 
2018-05-14 15:29:05 INFO Beginning scenario create new Random cirlce with trst currency 
2018-05-14 15:29:13 INFO network:Rinkeby Test Network 
2018-05-14 15:31:17 INFO Ending scenario create new Random cirlce with trst currency 
2018-05-14 16:26:02 INFO Beginning scenario create new Random cirlce with trst currency 
2018-05-14 16:26:10 INFO network:Rinkeby Test Network 
2018-05-14 16:28:34 INFO Ending scenario create new Random cirlce with trst currency 
2018-05-14 16:41:39 INFO Beginning scenario create new Random cirlce with trst currency 
2018-05-14 16:41:47 INFO network:Rinkeby Test Network 
2018-05-14 16:45:12 INFO Ending scenario create new Random cirlce with trst currency 
2018-05-14 17:04:24 INFO Beginning scenario create new Random cirlce with trst currency 
2018-05-14 17:04:33 INFO network:Rinkeby Test Network 
2018-05-14 17:06:56 INFO Ending scenario create new Random cirlce with trst currency 
2018-05-14 17:10:59 INFO Beginning scenario create new Random cirlce with trst currency 
2018-05-14 17:11:07 INFO network:Rinkeby Test Network 
2018-05-14 17:13:43 INFO Ending scenario create new Random cirlce with trst currency 
2018-05-14 17:18:41 INFO Beginning scenario create new Random cirlce with trst currency 
2018-05-14 17:18:49 INFO network:Rinkeby Test Network 
2018-05-14 17:22:12 INFO Ending scenario create new Random cirlce with trst currency 
2018-05-14 18:40:54 INFO Beginning scenario create new Random cirlce with trst currency 
2018-05-14 18:41:05 INFO network:Rinkeby Test Network 
2018-05-14 18:44:33 INFO Ending scenario create new Random cirlce with trst currency 
2018-05-14 18:47:42 INFO Beginning scenario create new Random cirlce with trst currency 
2018-05-14 18:47:53 INFO network:Rinkeby Test Network 
2018-05-14 18:51:17 INFO Ending scenario create new Random cirlce with trst currency 
2018-05-14 18:54:58 INFO Beginning scenario create new Random cirlce with trst currency 
2018-05-14 18:55:10 INFO network:Rinkeby Test Network 
2018-05-14 18:59:55 INFO Ending scenario create new Random cirlce with trst currency 
2018-05-14 19:00:19 INFO Beginning scenario create new Random cirlce with trst currency 
2018-05-14 19:00:29 INFO network:Rinkeby Test Network 
2018-05-14 19:05:36 INFO Ending scenario create new Random cirlce with trst currency 
2018-05-14 19:07:07 INFO Beginning scenario create new Random cirlce with trst currency 
2018-05-14 19:07:19 INFO network:Rinkeby Test Network 
2018-05-14 19:12:02 INFO Ending scenario create new Random cirlce with trst currency 
2018-05-14 19:13:57 INFO Beginning scenario create new Random cirlce with trst currency 
2018-05-14 19:14:07 INFO network:Rinkeby Test Network 
2018-05-14 19:19:26 INFO Beginning scenario create new Random cirlce with trst currency 
2018-05-14 19:19:37 INFO network:Rinkeby Test Network 
2018-05-14 19:25:36 INFO Beginning scenario create new Random cirlce with trst currency 
2018-05-14 19:25:48 INFO network:Rinkeby Test Network 
2018-05-14 19:31:17 INFO Ending scenario create new Random cirlce with trst currency 
2018-05-15 16:23:21 INFO Beginning scenario create new Random cirlce with etherium currency 
2018-05-15 16:23:29 INFO network:Rinkeby Test Network 
2018-05-15 16:30:06 INFO Ending scenario create new Random cirlce with etherium currency 
2018-05-15 16:31:28 INFO Beginning scenario create new Random cirlce with etherium currency 
2018-05-15 16:31:36 INFO network:Rinkeby Test Network 
2018-05-15 16:38:07 INFO Ending scenario create new Random cirlce with etherium currency 
2018-05-15 16:42:51 INFO Beginning scenario create new Pre-Determined cirlce with etherium currency 
2018-05-15 16:43:00 INFO network:Rinkeby Test Network 
2018-05-15 16:48:53 INFO Ending scenario create new Pre-Determined cirlce with etherium currency 
2018-05-15 16:49:07 INFO Beginning scenario create new Pre-Determined cirlce with trst currency 
2018-05-15 17:10:17 INFO Beginning scenario create new Pre-Determined cirlce with trst currency 
2018-05-15 17:10:26 INFO network:Rinkeby Test Network 
2018-05-15 17:16:09 INFO Ending scenario create new Pre-Determined cirlce with trst currency 
2018-05-15 17:16:39 INFO Beginning scenario create new Auction cirlce with etherium currency 
2018-05-15 17:16:47 INFO network:Rinkeby Test Network 
2018-05-15 17:24:11 INFO Ending scenario create new Auction cirlce with etherium currency 
2018-05-15 17:29:32 INFO Beginning scenario create new Auction cirlce with trst currency 
2018-05-15 17:29:38 INFO network:Rinkeby Test Network 
2018-05-15 17:35:41 INFO Ending scenario create new Auction cirlce with trst currency 
2018-05-15 18:40:38 INFO Beginning scenario create new Random cirlce with etherium currency 
2018-05-15 18:40:51 INFO network:Rinkeby Test Network 
2018-05-15 18:47:45 INFO Beginning scenario create new Random cirlce with etherium currency 
2018-05-15 18:47:56 INFO network:Rinkeby Test Network 
2018-05-15 18:53:54 INFO Ending scenario create new Random cirlce with etherium currency 
2018-05-15 18:55:38 INFO Beginning scenario create new Random cirlce with trst currency 
2018-05-15 18:55:49 INFO network:Rinkeby Test Network 
2018-05-15 19:01:08 INFO Ending scenario create new Random cirlce with trst currency 
2018-05-15 19:13:12 INFO Beginning scenario create new Random cirlce with trst currency 
2018-05-15 19:13:23 INFO network:Rinkeby Test Network 
2018-05-15 19:25:31 INFO Beginning scenario create new Random cirlce with trst currency 
2018-05-15 19:25:44 INFO network:Rinkeby Test Network 
2018-05-15 19:30:32 INFO Beginning scenario create new Random cirlce with etherium currency 
2018-05-15 19:30:42 INFO network:Rinkeby Test Network 
2018-05-15 19:38:55 INFO Ending scenario create new Random cirlce with etherium currency 
2018-05-15 19:40:18 INFO Beginning scenario create new Random cirlce with etherium currency 
2018-05-15 19:40:27 INFO network:Rinkeby Test Network 
2018-05-15 19:47:54 INFO Ending scenario create new Random cirlce with etherium currency 
2018-05-15 19:47:54 INFO Beginning scenario create new Random cirlce with trst currency 
2018-05-15 19:48:07 INFO network:Rinkeby Test Network 
2018-05-15 19:52:51 INFO Ending scenario create new Random cirlce with trst currency 
2018-05-15 19:52:51 INFO Beginning scenario create new Pre-Determined cirlce with etherium currency 
2018-05-15 19:52:59 INFO network:Rinkeby Test Network 
2018-05-15 20:00:55 INFO Ending scenario create new Pre-Determined cirlce with etherium currency 
2018-05-15 20:00:55 INFO Beginning scenario create new Pre-Determined cirlce with trst currency 
2018-05-15 20:01:35 INFO network:Rinkeby Test Network 
2018-05-15 20:06:54 INFO Ending scenario create new Pre-Determined cirlce with trst currency 
2018-05-15 20:06:54 INFO Beginning scenario create new Auction cirlce with etherium currency 
2018-05-15 20:07:15 INFO network:Rinkeby Test Network 
2018-05-15 20:14:52 INFO Ending scenario create new Auction cirlce with etherium currency 
2018-05-15 20:14:52 INFO Beginning scenario create new Auction cirlce with trst currency 
2018-05-15 20:15:02 INFO network:Rinkeby Test Network 
2018-05-15 20:19:52 INFO Ending scenario create new Auction cirlce with trst currency 
2018-05-16 19:44:11 INFO Beginning scenario create new Random cirlce with trst currency 
2018-05-16 19:44:23 INFO network:Rinkeby Test Network 
2018-05-17 13:30:42 INFO Beginning scenario create new Random cirlce with etherium currency 
2018-05-17 13:30:50 INFO network:Rinkeby Test Network 
2018-05-17 13:39:26 INFO Ending scenario create new Random cirlce with etherium currency 
2018-05-17 13:39:26 INFO Beginning scenario create new Random cirlce with trst currency 
2018-05-17 13:39:32 INFO network:Rinkeby Test Network 
2018-05-17 13:44:49 INFO Ending scenario create new Random cirlce with trst currency 
2018-05-17 13:44:49 INFO Beginning scenario create new Pre-Determined cirlce with etherium currency 
2018-05-17 13:44:55 INFO network:Rinkeby Test Network 
2018-05-17 13:52:53 INFO Ending scenario create new Pre-Determined cirlce with etherium currency 
2018-05-17 13:52:53 INFO Beginning scenario create new Pre-Determined cirlce with trst currency 
2018-05-17 13:52:59 INFO network:Rinkeby Test Network 
2018-05-17 13:57:58 INFO Ending scenario create new Pre-Determined cirlce with trst currency 
2018-05-17 13:57:58 INFO Beginning scenario create new Auction cirlce with etherium currency 
2018-05-17 13:58:05 INFO network:Rinkeby Test Network 
2018-05-17 14:05:53 INFO Ending scenario create new Auction cirlce with etherium currency 
2018-05-17 14:05:53 INFO Beginning scenario create new Auction cirlce with trst currency 
2018-05-17 14:06:01 INFO network:Rinkeby Test Network 
2018-05-17 14:10:53 INFO Ending scenario create new Auction cirlce with trst currency 
2018-05-17 18:56:57 INFO Beginning scenario create new Random cirlce with trst currency 
2018-05-17 18:57:08 INFO network:Rinkeby Test Network 
2018-05-17 18:58:17 INFO Ending scenario create new Random cirlce with trst currency 
2018-05-17 19:00:38 INFO Beginning scenario create new Random cirlce with trst currency 
2018-05-17 19:00:46 INFO network:Rinkeby Test Network 
2018-05-17 19:01:20 INFO Beginning scenario create new Random cirlce with trst currency 
2018-05-17 19:01:30 INFO network:Rinkeby Test Network 
2018-05-17 19:02:39 INFO Ending scenario create new Random cirlce with trst currency 
2018-05-17 19:07:57 INFO Beginning scenario create new Random cirlce with trst currency 
2018-05-17 19:08:08 INFO network:Rinkeby Test Network 
2018-05-17 19:13:03 INFO Beginning scenario create new Random cirlce with trst currency 
2018-05-17 19:13:13 INFO network:Rinkeby Test Network 
2018-05-17 19:14:46 INFO Beginning scenario create new Random cirlce with trst currency 
2018-05-17 19:14:55 INFO network:Rinkeby Test Network 
2018-05-18 14:58:01 INFO Beginning scenario create new Random cirlce with etherium currency 
2018-05-18 14:58:10 INFO network:Rinkeby Test Network 
2018-05-18 15:01:50 INFO Ending scenario create new Random cirlce with etherium currency 
2018-05-18 15:02:49 INFO Beginning scenario create new Random cirlce with etherium currency 
2018-05-18 15:03:01 INFO network:Rinkeby Test Network 
2018-05-18 15:06:12 INFO Ending scenario create new Random cirlce with etherium currency 
2018-05-18 15:46:25 INFO Beginning scenario create new Random cirlce with etherium currency 
2018-05-18 15:46:38 INFO network:Rinkeby Test Network 
2018-05-18 15:52:59 INFO Ending scenario create new Random cirlce with etherium currency 
2018-05-18 16:03:53 INFO Beginning scenario create new Random cirlce with etherium currency 
2018-05-21 08:58:29 INFO Beginning scenario create new Random cirlce with trst currency 
2018-05-21 08:58:37 INFO network:Rinkeby Test Network 
2018-05-21 09:00:52 INFO Ending scenario create new Random cirlce with trst currency 
2018-05-21 09:08:29 INFO Beginning scenario create new Random cirlce with trst currency 
2018-05-21 09:09:12 INFO Beginning scenario create new Random cirlce with trst currency 
2018-05-21 09:09:23 INFO network:Rinkeby Test Network 
2018-05-21 09:11:33 INFO Ending scenario create new Random cirlce with trst currency 
2018-05-21 09:14:56 INFO Beginning scenario create new Random cirlce with trst currency 
2018-05-21 09:15:02 INFO network:Rinkeby Test Network 
2018-05-21 09:17:09 INFO Ending scenario create new Random cirlce with trst currency 
2018-05-21 09:21:30 INFO Beginning scenario create new Random cirlce with trst currency 
2018-05-21 09:21:42 INFO network:Rinkeby Test Network 
2018-05-21 09:29:54 INFO Ending scenario create new Random cirlce with trst currency 
2018-05-21 09:30:46 INFO Beginning scenario create new Random cirlce with trst currency 
2018-05-21 09:30:57 INFO network:Rinkeby Test Network 
2018-05-21 09:35:57 INFO Ending scenario create new Random cirlce with trst currency 
2018-05-21 09:36:49 INFO Beginning scenario create new Random cirlce with etherium currency 
2018-05-21 09:36:58 INFO network:Rinkeby Test Network 
2018-05-21 09:40:35 INFO Ending scenario create new Random cirlce with etherium currency 
2018-05-21 09:40:39 INFO Beginning scenario create new Random cirlce with trst currency 
2018-05-21 09:40:47 INFO network:Rinkeby Test Network 
2018-05-21 09:47:08 INFO Ending scenario create new Random cirlce with trst currency 
2018-05-21 09:47:08 INFO Beginning scenario create new Pre-Determined cirlce with etherium currency 
2018-05-21 09:47:20 INFO network:Rinkeby Test Network 
2018-05-21 09:54:52 INFO Ending scenario create new Pre-Determined cirlce with etherium currency 
2018-05-21 09:54:52 INFO Beginning scenario create new Pre-Determined cirlce with trst currency 
2018-05-21 09:55:04 INFO network:Rinkeby Test Network 
2018-05-21 10:00:27 INFO Ending scenario create new Pre-Determined cirlce with trst currency 
2018-05-21 10:00:27 INFO Beginning scenario create new Auction cirlce with etherium currency 
2018-05-21 10:00:39 INFO network:Rinkeby Test Network 
2018-05-21 10:09:05 INFO Ending scenario create new Auction cirlce with etherium currency 
2018-05-21 10:09:05 INFO Beginning scenario create new Auction cirlce with trst currency 
2018-05-21 10:09:23 INFO network:Rinkeby Test Network 
2018-05-21 10:15:11 INFO Ending scenario create new Auction cirlce with trst currency 
2018-05-21 10:15:39 INFO Beginning scenario create new Random cirlce with etherium currency 
2018-05-21 10:15:51 INFO network:Rinkeby Test Network 
2018-05-21 10:23:55 INFO Ending scenario create new Random cirlce with etherium currency 
2018-05-21 14:22:33 INFO Beginning scenario create new Random cirlce with etherium currency 
2018-05-21 14:22:41 INFO network:Rinkeby Test Network 
2018-05-21 14:25:49 INFO Ending scenario create new Random cirlce with etherium currency 
2018-05-21 14:25:53 INFO Beginning scenario create new Random cirlce with trst currency 
2018-05-21 14:25:58 INFO network:Rinkeby Test Network 
2018-05-21 14:26:49 INFO Beginning scenario create new Random cirlce with etherium currency 
2018-05-21 14:26:58 INFO network:Rinkeby Test Network 
2018-05-21 14:30:08 INFO Ending scenario create new Random cirlce with etherium currency 
2018-05-21 14:30:12 INFO Beginning scenario create new Random cirlce with trst currency 
2018-05-21 14:30:20 INFO network:Rinkeby Test Network 
2018-05-21 14:32:22 INFO Beginning scenario create new Random cirlce with etherium currency 
2018-05-21 14:32:30 INFO network:Rinkeby Test Network 
2018-05-21 14:41:15 INFO Ending scenario create new Random cirlce with etherium currency 
2018-05-21 14:41:15 INFO Beginning scenario create new Random cirlce with trst currency 
2018-05-21 14:41:22 INFO network:Rinkeby Test Network 
2018-05-21 14:45:50 INFO Ending scenario create new Random cirlce with trst currency 
2018-05-21 14:45:50 INFO Beginning scenario create new Pre-Determined cirlce with etherium currency 
2018-05-21 14:45:58 INFO network:Rinkeby Test Network 
2018-05-21 14:53:53 INFO Ending scenario create new Pre-Determined cirlce with etherium currency 
2018-05-21 14:53:53 INFO Beginning scenario create new Pre-Determined cirlce with trst currency 
2018-05-21 14:54:00 INFO network:Rinkeby Test Network 
2018-05-21 14:58:53 INFO Ending scenario create new Pre-Determined cirlce with trst currency 
2018-05-21 14:58:53 INFO Beginning scenario create new Auction cirlce with etherium currency 
2018-05-21 14:59:00 INFO network:Rinkeby Test Network 
2018-05-21 15:06:52 INFO Ending scenario create new Auction cirlce with etherium currency 
2018-05-21 15:06:52 INFO Beginning scenario create new Auction cirlce with trst currency 
2018-05-21 15:07:04 INFO network:Rinkeby Test Network 
2018-05-21 15:11:54 INFO Ending scenario create new Auction cirlce with trst currency 
2018-05-21 15:49:40 INFO Beginning scenario create new Random cirlce with trst currency 
2018-05-21 15:49:48 INFO network:Rinkeby Test Network 
2018-05-21 16:19:10 INFO Beginning scenario create new Random cirlce with trst currency 
2018-05-21 16:19:19 INFO network:Rinkeby Test Network 
2018-05-21 16:23:57 INFO Ending scenario create new Random cirlce with trst currency 
2018-05-23 18:45:42 INFO Beginning scenario create new Random cirlce with trst currency 
2018-05-23 18:46:01 INFO network:Rinkeby Test Network 
2018-05-31 10:20:05 INFO Beginning scenario create new Random cirlce with etherium currency 
2018-05-31 10:20:14 INFO network:Rinkeby Test Network 
2018-05-31 10:25:22 INFO Beginning scenario create new Random cirlce with etherium currency 
2018-05-31 10:25:30 INFO network:Rinkeby Test Network 
2018-05-31 10:45:47 INFO Beginning scenario create new Random cirlce with etherium currency 
2018-05-31 10:45:55 INFO network:Rinkeby Test Network 
2018-05-31 10:53:54 INFO Ending scenario create new Random cirlce with etherium currency 
2018-05-31 10:53:54 INFO Beginning scenario create new Random cirlce with trst currency 
2018-05-31 10:54:00 INFO network:Rinkeby Test Network 
2018-05-31 11:01:29 INFO Ending scenario create new Random cirlce with trst currency 
2018-05-31 11:01:29 INFO Beginning scenario create new Pre-Determined cirlce with etherium currency 
2018-05-31 11:01:36 INFO network:Rinkeby Test Network 
2018-05-31 11:09:57 INFO Ending scenario create new Pre-Determined cirlce with etherium currency 
2018-05-31 11:09:57 INFO Beginning scenario create new Pre-Determined cirlce with trst currency 
2018-05-31 11:10:03 INFO network:Rinkeby Test Network 
2018-05-31 11:14:54 INFO Ending scenario create new Pre-Determined cirlce with trst currency 
2018-05-31 11:14:54 INFO Beginning scenario create new Auction cirlce with etherium currency 
2018-05-31 11:15:01 INFO network:Rinkeby Test Network 
2018-05-31 11:22:52 INFO Ending scenario create new Auction cirlce with etherium currency 
2018-05-31 11:22:52 INFO Beginning scenario create new Auction cirlce with trst currency 
2018-05-31 11:22:59 INFO network:Rinkeby Test Network 
2018-05-31 11:27:39 INFO Ending scenario create new Auction cirlce with trst currency 
2018-06-07 13:09:16 INFO Beginning scenario create new Random cirlce with etherium currency 
2018-06-07 13:09:26 INFO network:Rinkeby Test Network 
2018-06-07 13:17:57 INFO Ending scenario create new Random cirlce with etherium currency 
2018-06-11 11:05:42 INFO Beginning scenario create new Random cirlce with etherium currency 
2018-06-11 11:05:50 INFO network:Rinkeby Test Network 
2018-06-11 11:14:06 INFO Ending scenario create new Random cirlce with etherium currency 
2018-06-11 11:14:06 INFO Beginning scenario create new Random cirlce with trst currency 
2018-06-11 11:14:14 INFO network:Rinkeby Test Network 
2018-06-14 15:40:23 INFO Beginning scenario create new Random cirlce with etherium currency 
2018-06-14 15:40:29 INFO network:Rinkeby Test Network 
2018-06-14 15:43:27 INFO Beginning scenario create new Random cirlce with trst currency 
2018-06-14 15:43:33 INFO network:Rinkeby Test Network 
2018-06-14 15:51:14 INFO Beginning scenario create new Random cirlce with trst currency 
2018-06-14 15:51:21 INFO network:Rinkeby Test Network 
2018-06-14 15:57:56 INFO Beginning scenario create new Random cirlce with trst currency 
2018-06-14 15:58:03 INFO network:Rinkeby Test Network 
2018-06-14 15:58:34 INFO Ending scenario create new Random cirlce with trst currency 
2018-06-14 16:08:53 INFO Beginning scenario create new Random cirlce with trst currency 
2018-06-14 16:09:01 INFO network:Rinkeby Test Network 
2018-06-14 16:09:51 INFO Ending scenario create new Random cirlce with trst currency 
2018-06-14 16:10:17 INFO Beginning scenario create new Random cirlce with trst currency 
2018-06-14 16:10:24 INFO network:Rinkeby Test Network 
2018-06-25 14:32:57 INFO Beginning scenario verify login with valid user 
2018-06-25 14:34:02 INFO Ending scenario verify login with valid user 
2018-06-25 14:34:59 INFO Beginning scenario verify login with valid user 
2018-06-25 14:35:03 INFO Ending scenario verify login with valid user 
2018-06-25 14:35:26 INFO Beginning scenario verify login with valid user 
2018-06-25 14:35:29 INFO Ending scenario verify login with valid user 
2018-06-25 14:36:41 INFO Beginning scenario verify login with valid user 
2018-06-25 14:36:44 INFO Ending scenario verify login with valid user 
2018-06-25 14:37:03 INFO Beginning scenario verify login with valid user 
2018-06-25 14:37:07 INFO Ending scenario verify login with valid user 
2018-06-25 14:37:38 INFO Beginning scenario verify login with valid user 
2018-06-25 14:38:12 INFO Ending scenario verify login with valid user 
2018-06-25 14:41:38 INFO Beginning scenario verify login with valid user 
2018-06-25 14:42:09 INFO Ending scenario verify login with valid user 
2018-06-25 14:44:42 INFO Beginning scenario verify login with valid user 
2018-06-25 14:45:52 INFO Beginning scenario verify login with valid user 
2018-06-25 14:46:28 INFO Ending scenario verify login with valid user 
2018-06-25 14:47:10 INFO Beginning scenario verify login with valid user 
2018-06-25 14:47:46 INFO Ending scenario verify login with valid user 
2018-06-25 14:48:29 INFO Beginning scenario verify login with valid user 
2018-06-25 14:48:54 INFO Beginning scenario verify login with valid user 
2018-06-25 14:49:27 INFO Ending scenario verify login with valid user 
2018-06-25 14:53:17 INFO Beginning scenario verify login with valid user 
2018-06-25 14:54:36 INFO Beginning scenario verify login with valid user 
2018-06-25 14:58:15 INFO Beginning scenario verify login with valid user 
2018-06-25 14:58:33 INFO Beginning scenario verify login with valid user 
2018-06-25 14:58:53 INFO Ending scenario verify login with valid user 
2018-06-25 17:57:18 INFO Beginning scenario verify login with valid user 
2018-06-25 17:59:45 INFO Ending scenario verify login with valid user 
2018-06-25 18:03:03 INFO Beginning scenario verify login with valid user 
2018-06-25 18:03:28 INFO Ending scenario verify login with valid user 
2018-06-26 09:11:06 INFO Beginning scenario verify login with valid user 
2018-06-26 09:11:30 INFO Ending scenario verify login with valid user 
2018-06-26 09:17:20 INFO Beginning scenario verify login with valid user 
2018-06-26 09:17:44 INFO Ending scenario verify login with valid user 
2018-07-02 12:19:48 INFO Beginning scenario verify login with valid user 
2018-07-02 12:20:13 INFO Ending scenario verify login with valid user 
2018-07-03 11:32:02 INFO Beginning scenario verify login with valid user 
2018-07-03 11:32:33 INFO Ending scenario verify login with valid user 
2018-07-03 13:50:10 INFO Beginning scenario verify login with valid user 
2018-07-03 13:51:17 INFO Beginning scenario verify login with valid user 
2018-07-03 13:52:41 INFO Ending scenario verify login with valid user 
2018-07-03 13:54:25 INFO Beginning scenario verify login with valid user 
2018-07-03 13:55:44 INFO Ending scenario verify login with valid user 
2018-07-03 13:56:30 INFO Beginning scenario verify login with valid user 
2018-07-03 13:57:55 INFO Ending scenario verify login with valid user 
2018-07-03 14:03:07 INFO Beginning scenario verify login with valid user 
2018-07-03 14:04:31 INFO Ending scenario verify login with valid user 
2018-07-03 14:13:04 INFO Beginning scenario verify login with valid user 
2018-07-03 14:14:27 INFO Ending scenario verify login with valid user 
2018-07-03 14:17:27 INFO Beginning scenario verify login with valid user 
2018-07-03 14:18:25 INFO Beginning scenario verify login with valid user 
2018-07-03 14:19:44 INFO Ending scenario verify login with valid user 
2018-07-03 14:20:59 INFO Beginning scenario verify login with valid user 
2018-07-03 14:22:19 INFO Ending scenario verify login with valid user 
2018-07-03 14:26:57 INFO Beginning scenario verify login with valid user 
2018-07-03 14:27:17 INFO Ending scenario verify login with valid user 
2018-07-03 14:28:33 INFO Beginning scenario verify login with valid user 
2018-07-03 14:29:06 INFO Ending scenario verify login with valid user 
2018-07-03 14:34:17 INFO Beginning scenario verify login with valid user 
2018-07-03 14:34:51 INFO Ending scenario verify login with valid user 
2018-07-03 14:45:23 INFO Beginning scenario verify login with valid user 
2018-07-03 14:45:46 INFO Ending scenario verify login with valid user 
2018-07-03 14:53:18 INFO Beginning scenario verify login with valid user 
2018-07-03 15:02:09 INFO Beginning scenario verify login with valid user 
2018-07-03 15:02:27 INFO Ending scenario verify login with valid user 
2018-07-03 15:07:41 INFO Beginning scenario verify login with valid user 
2018-07-03 15:07:59 INFO Ending scenario verify login with valid user 
2018-07-03 15:16:50 INFO Beginning scenario verify login with valid user 
2018-07-03 15:18:09 INFO Ending scenario verify login with valid user 
2018-07-03 15:28:31 INFO Beginning scenario verify login with valid user 
2018-07-03 15:29:04 INFO Ending scenario verify login with valid user 
2018-07-03 15:29:59 INFO Beginning scenario verify login with valid user 
2018-07-03 15:30:32 INFO Ending scenario verify login with valid user 
2018-07-03 15:39:22 INFO Beginning scenario verify login with valid user 
2018-07-03 15:40:46 INFO Ending scenario verify login with valid user 
2018-07-03 15:44:13 INFO Beginning scenario verify login with valid user 
2018-07-03 15:46:37 INFO Beginning scenario verify login with valid user 
2018-07-03 15:47:10 INFO Ending scenario verify login with valid user 
2018-07-05 14:32:12 INFO Beginning scenario verify login with valid user 
2018-07-09 09:47:11 INFO Beginning scenario verify login with valid user 
2018-07-09 09:48:29 INFO Ending scenario verify login with valid user 
2018-07-09 09:52:17 INFO Beginning scenario verify login with valid user 
2018-07-09 09:53:31 INFO Ending scenario verify login with valid user 
2018-07-09 10:16:06 INFO Beginning scenario verify login with valid user 
2018-07-09 10:17:26 INFO Ending scenario verify login with valid user 
2018-07-09 14:34:54 INFO Beginning scenario verify login with valid user 
2018-07-09 14:35:58 INFO Beginning scenario verify login with valid user 
2018-07-09 14:37:38 INFO Beginning scenario verify login with valid user 
2018-07-09 14:38:52 INFO Ending scenario verify login with valid user 
2018-07-09 14:40:20 INFO Beginning scenario verify login with valid user 
2018-07-09 14:41:34 INFO Ending scenario verify login with valid user 
2018-07-09 14:41:38 INFO Beginning scenario verify login with valid user 
2018-07-09 15:29:09 INFO Beginning scenario verify login with valid user 
2018-07-09 15:30:26 INFO Ending scenario verify login with valid user 
2018-07-09 15:56:40 INFO Beginning scenario verify login with valid user 
2018-07-09 16:27:33 INFO Beginning scenario verify login with valid user 
2018-07-09 17:11:10 INFO Beginning scenario verify login with valid user 
